<?xml version="1.0" encoding="UTF-8"?>
<testsuite name="Default test"
           tests="2"
           failures="0"
           errors="0"
           skipped="0"
           time="13.650">
    <properties></properties>



            <testcase
                name="HomePageProducts"
                time="8.772"
                classname="testCases.HomePageTest">
            </testcase>
            <testcase
                name="HomePageMenu"
                time="4.878"
                classname="testCases.HomePageTest">
            </testcase>
</testsuite>
