<?xml version="1.0" encoding="UTF-8"?>
<testng-results ignored="0" total="1" passed="1" failed="0" skipped="0">
  <reporter-output>
    <line>
      <![CDATA[The browser is open the testing Application]]>
    </line>
  </reporter-output>
  <suite started-at="2023-12-01T16:03:28 CST" name="Default suite" finished-at="2023-12-01T16:03:54 CST" duration-ms="26197">
    <groups>
    </groups>
    <test started-at="2023-12-01T16:03:28 CST" name="Default test" finished-at="2023-12-01T16:03:54 CST" duration-ms="26197">
      <class name="testCases.LoginRegisteredUserTest">
        <test-method is-config="true" signature="setUpReport()[pri:0, instance:testCases.LoginRegisteredUserTest@f6efaab]" started-at="2023-12-01T16:03:28 CST" name="setUpReport" finished-at="2023-12-01T16:03:28 CST" duration-ms="100" status="PASS">
          <reporter-output>
          </reporter-output>
        </test-method> <!-- setUpReport -->
        <test-method is-config="true" signature="launchBrowser()[pri:0, instance:testCases.LoginRegisteredUserTest@f6efaab]" started-at="2023-12-01T16:03:28 CST" name="launchBrowser" finished-at="2023-12-01T16:03:42 CST" duration-ms="14364" status="PASS">
          <reporter-output>
            <line>
              <![CDATA[The browser is open the testing Application]]>
            </line>
          </reporter-output>
        </test-method> <!-- launchBrowser -->
        <test-method signature="LoginRegisteredUser()[pri:1, instance:testCases.LoginRegisteredUserTest@f6efaab]" started-at="2023-12-01T16:03:42 CST" name="LoginRegisteredUser" finished-at="2023-12-01T16:03:54 CST" duration-ms="11635" status="PASS">
          <reporter-output>
          </reporter-output>
        </test-method> <!-- LoginRegisteredUser -->
        <test-method is-config="true" signature="getResult(org.testng.ITestResult)[pri:0, instance:testCases.LoginRegisteredUserTest@f6efaab]" started-at="2023-12-01T16:03:54 CST" name="getResult" finished-at="2023-12-01T16:03:54 CST" duration-ms="6" status="PASS">
          <params>
            <param index="0">
              <value>
                <![CDATA[[TestResult name=LoginRegisteredUser status=SUCCESS method=LoginRegisteredUserTest.LoginRegisteredUser()[pri:1, instance:testCases.LoginRegisteredUserTest@f6efaab] output={null}]]]>
              </value>
            </param>
          </params>
          <reporter-output>
          </reporter-output>
        </test-method> <!-- getResult -->
        <test-method is-config="true" signature="afterTest()[pri:0, instance:testCases.LoginRegisteredUserTest@f6efaab]" started-at="2023-12-01T16:03:54 CST" name="afterTest" finished-at="2023-12-01T16:03:54 CST" duration-ms="171" status="PASS">
          <reporter-output>
          </reporter-output>
        </test-method> <!-- afterTest -->
        <test-method is-config="true" signature="tearDown()[pri:0, instance:testCases.LoginRegisteredUserTest@f6efaab]" started-at="2023-12-01T16:03:54 CST" name="tearDown" finished-at="2023-12-01T16:03:55 CST" duration-ms="482" status="PASS">
          <reporter-output>
          </reporter-output>
        </test-method> <!-- tearDown -->
      </class> <!-- testCases.LoginRegisteredUserTest -->
    </test> <!-- Default test -->
  </suite> <!-- Default suite -->
</testng-results>
